Building DAG of jobs...
Relative file path './data/snakemake_test_data.csv' starts with './'. This is redundant and strongly discouraged. It can also lead to inconsistent results of the file-matching approach used by Snakemake. You can simply omit the './' for relative file paths.
Relative file path './plot/snakemake_test_plot.png' starts with './'. This is redundant and strongly discouraged. It can also lead to inconsistent results of the file-matching approach used by Snakemake. You can simply omit the './' for relative file paths.
Using shell: /usr/bin/bash
Provided cores: 1 (use --cores to define parallelism)
Rules claiming more threads will be scaled down.
Job stats:
job      count    min threads    max threads
-----  -------  -------------  -------------
test         1              1              1
total        1              1              1

Select jobs to execute...

[Sat Jul  9 14:02:46 2022]
rule test:
    input: ./data/snakemake_test_data.csv
    output: ./plot/snakemake_test_plot.png
    jobid: 0
    resources: tmpdir=/tmp

[Sat Jul  9 14:02:48 2022]
Finished job 0.
1 of 1 steps (100%) done
Complete log: /home/severinmeo/Python-Portfolio/snakemake-medium/.snakemake/log/2022-07-09T140246.226829.snakemake.log
